<?xml version="1.0" encoding="UTF-8"?>
<testsuite xmlns:xsi="http://www.w3.org/2001/XMLSchema-instance" xsi:noNamespaceSchemaLocation="https://maven.apache.org/surefire/maven-surefire-plugin/xsd/surefire-test-report.xsd" version="3.0.1" name="com.Prototype.AppTest" time="0.122" tests="1" errors="0" skipped="0" failures="0">
  <properties>
    <property name="java.specification.version" value="17"/>
    <property name="sun.cpu.isalist" value="amd64"/>
    <property name="sun.jnu.encoding" value="Cp1252"/>
    <property name="java.class.path" value="C:\Users\RafaelBatistoti\Documents\ws-java\Design Patterns\Prototype\target\test-classes;C:\Users\RafaelBatistoti\Documents\ws-java\Design Patterns\Prototype\target\classes;C:\Users\RafaelBatistoti\.m2\repository\org\junit\jupiter\junit-jupiter-api\5.11.0\junit-jupiter-api-5.11.0.jar;C:\Users\RafaelBatistoti\.m2\repository\org\opentest4j\opentest4j\1.3.0\opentest4j-1.3.0.jar;C:\Users\RafaelBatistoti\.m2\repository\org\junit\platform\junit-platform-commons\1.11.0\junit-platform-commons-1.11.0.jar;C:\Users\RafaelBatistoti\.m2\repository\org\apiguardian\apiguardian-api\1.1.2\apiguardian-api-1.1.2.jar;C:\Users\RafaelBatistoti\.m2\repository\org\junit\jupiter\junit-jupiter-params\5.11.0\junit-jupiter-params-5.11.0.jar;"/>
    <property name="java.vm.vendor" value="Oracle Corporation"/>
    <property name="sun.arch.data.model" value="64"/>
    <property name="user.variant" value=""/>
    <property name="java.vendor.url" value="https://java.oracle.com/"/>
    <property name="user.timezone" value="America/Sao_Paulo"/>
    <property name="os.name" value="Windows 10"/>
    <property name="java.vm.specification.version" value="17"/>
    <property name="sun.java.launcher" value="SUN_STANDARD"/>
    <property name="user.country" value="US"/>
    <property name="sun.boot.library.path" value="C:\Program Files\Java\jdk-17\bin"/>
    <property name="sun.java.command" value="C:\Users\RafaelBatistoti\AppData\Local\Temp\surefire12246610743916650781\surefirebooter-20240919165704611_3.jar C:\Users\RafaelBatistoti\AppData\Local\Temp\surefire12246610743916650781 2024-09-19T16-57-03_828-jvmRun1 surefire-20240919165704611_1tmp surefire_0-20240919165704611_2tmp"/>
    <property name="jdk.debug" value="release"/>
    <property name="surefire.test.class.path" value="C:\Users\RafaelBatistoti\Documents\ws-java\Design Patterns\Prototype\target\test-classes;C:\Users\RafaelBatistoti\Documents\ws-java\Design Patterns\Prototype\target\classes;C:\Users\RafaelBatistoti\.m2\repository\org\junit\jupiter\junit-jupiter-api\5.11.0\junit-jupiter-api-5.11.0.jar;C:\Users\RafaelBatistoti\.m2\repository\org\opentest4j\opentest4j\1.3.0\opentest4j-1.3.0.jar;C:\Users\RafaelBatistoti\.m2\repository\org\junit\platform\junit-platform-commons\1.11.0\junit-platform-commons-1.11.0.jar;C:\Users\RafaelBatistoti\.m2\repository\org\apiguardian\apiguardian-api\1.1.2\apiguardian-api-1.1.2.jar;C:\Users\RafaelBatistoti\.m2\repository\org\junit\jupiter\junit-jupiter-params\5.11.0\junit-jupiter-params-5.11.0.jar;"/>
    <property name="sun.cpu.endian" value="little"/>
    <property name="user.home" value="C:\Users\RafaelBatistoti"/>
    <property name="user.language" value="en"/>
    <property name="java.specification.vendor" value="Oracle Corporation"/>
    <property name="java.version.date" value="2024-07-16"/>
    <property name="java.home" value="C:\Program Files\Java\jdk-17"/>
    <property name="file.separator" value="\"/>
    <property name="basedir" value="C:\Users\RafaelBatistoti\Documents\ws-java\Design Patterns\Prototype"/>
    <property name="java.vm.compressedOopsMode" value="Zero based"/>
    <property name="line.separator" value="&#10;"/>
    <property name="java.vm.specification.vendor" value="Oracle Corporation"/>
    <property name="java.specification.name" value="Java Platform API Specification"/>
    <property name="surefire.real.class.path" value="C:\Users\RafaelBatistoti\AppData\Local\Temp\surefire12246610743916650781\surefirebooter-20240919165704611_3.jar"/>
    <property name="user.script" value=""/>
    <property name="sun.management.compiler" value="HotSpot 64-Bit Tiered Compilers"/>
    <property name="java.runtime.version" value="17.0.12+8-LTS-286"/>
    <property name="user.name" value="RafaelBatistoti"/>
    <property name="path.separator" value=";"/>
    <property name="os.version" value="10.0"/>
    <property name="java.runtime.name" value="Java(TM) SE Runtime Environment"/>
    <property name="file.encoding" value="Cp1252"/>
    <property name="java.vm.name" value="Java HotSpot(TM) 64-Bit Server VM"/>
    <property name="localRepository" value="C:\Users\RafaelBatistoti\.m2\repository"/>
    <property name="java.vendor.url.bug" value="https://bugreport.java.com/bugreport/"/>
    <property name="java.io.tmpdir" value="C:\Users\RAFAEL~1\AppData\Local\Temp\"/>
    <property name="java.version" value="17.0.12"/>
    <property name="user.dir" value="C:\Users\RafaelBatistoti\Documents\ws-java\Design Patterns\Prototype"/>
    <property name="os.arch" value="amd64"/>
    <property name="java.vm.specification.name" value="Java Virtual Machine Specification"/>
    <property name="sun.os.patch.level" value=""/>
    <property name="native.encoding" value="Cp1252"/>
    <property name="java.library.path" value="C:\Program Files\Java\jdk-17\bin;C:\Windows\Sun\Java\bin;C:\Windows\system32;C:\Windows;C:\Users\RafaelBatistoti\bin;C:\ProgramData\Git\Git\mingw64\bin;C:\ProgramData\Git\Git\usr\local\bin;C:\ProgramData\Git\Git\usr\bin;C:\ProgramData\Git\Git\usr\bin;C:\ProgramData\Git\Git\mingw64\bin;C:\ProgramData\Git\Git\usr\bin;C:\Users\RafaelBatistoti\bin;C:\Program Files\Common Files\Oracle\Java\javapath;C:\Users\RafaelBatistoti\AppData\Local\Programs\Python\Python310\Scripts;C:\Users\RafaelBatistoti\AppData\Local\Programs\Python\Python310;C:\Program Files\Java\jdk-17\bin;C:\Python310\Scripts;C:\Python310;C:\Windows\system32;C:\Windows;C:\Windows\System32\Wbem;C:\Windows\System32\WindowsPowerShell\v1.0;C:\Windows\System32\OpenSSH;C:\ProgramData\chocolatey\bin;C:\Program Files\MongoDB\Server\5.0\bin;C:\xampp\mysql\bin;C:\Program Files (x86)\Microsoft SQL Server\150\DTS\Binn;C:\Program Files\dotnet;C:\Users\RafaelBatistoti\Downloads\apache-maven-3.9.3-bin\apache-maven-3.9.3\bin;C:\Program Files\MAVEN\apache-maven-3.9.4\bin;C:\Program Files\MySQL\MySQL Server 8.0\bin;C:\Users\RafaelBatistoti\Documents\webdriver\chromedriver.exe;C:\Program Files (x86)\Microsoft SQL Server\150\Tools\Binn;C:\Program Files\Microsoft SQL Server\150\Tools\Binn;C:\Program Files\Microsoft SQL Server\150\DTS\Binn;C:\Program Files\Docker\Docker\resources\bin;C:\Users\RafaelBatistoti\AppData\Local\Microsoft\WindowsApps;C:\Users\RafaelBatistoti\AppData\Roaming\nvm;C:\Program Files\nodejs;C:\Users\RafaelBatistoti\AppData\Local\Apps\ScaleFT\bin;C:\Users\RafaelBatistoti\AppData\Local\GitHubDesktop\bin;C:\Users\RafaelBatistoti\AppData\Local\Programs\Microsoft VS Code\bin;C:\ProgramData\Git\Git\cmd;C:\ProgramData\Git\Git\usr\bin\vendor_perl;C:\ProgramData\Git\Git\usr\bin\core_perl;."/>
    <property name="java.vm.info" value="mixed mode, sharing"/>
    <property name="java.vendor" value="Oracle Corporation"/>
    <property name="java.vm.version" value="17.0.12+8-LTS-286"/>
    <property name="sun.io.unicode.encoding" value="UnicodeLittle"/>
    <property name="java.class.version" value="61.0"/>
  </properties>
  <testcase name="shouldAnswerWithTrue" classname="com.Prototype.AppTest" time="0.063"/>
</testsuite>